#
# There is insufficient memory for the Java Runtime Environment to continue.
# Native memory allocation (mmap) failed to map 357957632 bytes for committing reserved memory.
# Possible reasons:
#   The system is out of physical RAM or swap space
#   The process is running with CompressedOops enabled, and the Java Heap may be blocking the growth of the native heap
# Possible solutions:
#   Reduce memory load on the system
#   Increase physical memory or swap space
#   Check if swap backing store is full
#   Decrease Java heap size (-Xmx/-Xms)
#   Decrease number of Java threads
#   Decrease Java thread stack sizes (-Xss)
#   Set larger code cache with -XX:ReservedCodeCacheSize=
# This output file may be truncated or incomplete.
#
#  Out of Memory Error (os_linux.cpp:2756), pid=18302, tid=0x00007f1f1fb99700
#
# JRE version:  (8.0_212-b03) (build )
# Java VM: OpenJDK 64-Bit Server VM (25.212-b03 mixed mode linux-amd64 compressed oops)
# Failed to write core dump. Core dumps have been disabled. To enable core dumping, try "ulimit -c unlimited" before starting Java again
#

---------------  T H R E A D  ---------------

Current thread (0x00007f1f1800a800):  JavaThread "Unknown thread" [_thread_in_vm, id=18303, stack(0x00007f1f1fa99000,0x00007f1f1fb9a000)]

Stack: [0x00007f1f1fa99000,0x00007f1f1fb9a000],  sp=0x00007f1f1fb98530,  free space=1021k
Native frames: (J=compiled Java code, j=interpreted, Vv=VM code, C=native code)
V  [libjvm.so+0xa75a3b]
V  [libjvm.so+0x4c9e6c]
V  [libjvm.so+0x8c2798]
V  [libjvm.so+0x8b9dde]
V  [libjvm.so+0xa72194]
V  [libjvm.so+0x5d0290]
V  [libjvm.so+0xa11354]
V  [libjvm.so+0x5d102a]
V  [libjvm.so+0x5bd27f]
V  [libjvm.so+0xa38e49]
V  [libjvm.so+0xa39092]
V  [libjvm.so+0x614eef]
V  [libjvm.so+0xa1e4bb]
V  [libjvm.so+0x68ea32]  JNI_CreateJavaVM+0x62
C  [libjli.so+0x2ebf]
C  [libjli.so+0x737d]
C  [libpthread.so.0+0x76ba]  start_thread+0xca


---------------  P R O C E S S  ---------------

Java Threads: ( => current thread )

Other Threads:

=>0x00007f1f1800a800 (exited) JavaThread "Unknown thread" [_thread_in_vm, id=18303, stack(0x00007f1f1fa99000,0x00007f1f1fb9a000)]

VM state:not at safepoint (not fully initialized)

VM Mutex/Monitor currently owned by a thread: None

heap address: 0x0000000540000000, size: 10240 MB, Compressed Oops mode: Non-zero based:0x000000053ffff000, Oop shift amount: 3
Narrow klass base: 0x0000000000000000, Narrow klass shift: 0

GC Heap History (0 events):
No events

Deoptimization events (0 events):
No events

Classes redefined (0 events):
No events

Internal exceptions (0 events):
No events

Events (0 events):
No events


Dynamic libraries:
00400000-00401000 r-xp 00000000 fd:01 517659                             /usr/lib/jvm/java-8-openjdk-amd64/jre/bin/java
00600000-00601000 r--p 00000000 fd:01 517659                             /usr/lib/jvm/java-8-openjdk-amd64/jre/bin/java
00601000-00602000 rw-p 00001000 fd:01 517659                             /usr/lib/jvm/java-8-openjdk-amd64/jre/bin/java
019d1000-019f2000 rw-p 00000000 00:00 0                                  [heap]
540000000-54aaa0000 rw-p 00000000 00:00 0 
54aaa0000-615550000 ---p 00000000 00:00 0 
62aab0000-7c0000000 ---p 00000000 00:00 0 
7f1f07bff000-7f1f07c55000 rw-p 00000000 00:00 0 
7f1f07c55000-7f1f08fff000 ---p 00000000 00:00 0 
7f1f08fff000-7f1f09000000 rw-p 00000000 00:00 0 
7f1f09000000-7f1f09270000 rwxp 00000000 00:00 0 
7f1f09270000-7f1f18000000 ---p 00000000 00:00 0 
7f1f18000000-7f1f18034000 rw-p 00000000 00:00 0 
7f1f18034000-7f1f1c000000 ---p 00000000 00:00 0 
7f1f1c130000-7f1f1c13a000 rw-p 00000000 00:00 0 
7f1f1c13a000-7f1f1c4f0000 ---p 00000000 00:00 0 
7f1f1c4f0000-7f1f1c4f8000 r-xp 00000000 fd:01 517711                     /usr/lib/jvm/java-8-openjdk-amd64/jre/lib/amd64/libzip.so
7f1f1c4f8000-7f1f1c6f7000 ---p 00008000 fd:01 517711                     /usr/lib/jvm/java-8-openjdk-amd64/jre/lib/amd64/libzip.so
7f1f1c6f7000-7f1f1c6f8000 r--p 00007000 fd:01 517711                     /usr/lib/jvm/java-8-openjdk-amd64/jre/lib/amd64/libzip.so
7f1f1c6f8000-7f1f1c6f9000 rw-p 00008000 fd:01 517711                     /usr/lib/jvm/java-8-openjdk-amd64/jre/lib/amd64/libzip.so
7f1f1c6f9000-7f1f1c704000 r-xp 00000000 fd:01 38395                      /lib/x86_64-linux-gnu/libnss_files-2.23.so
7f1f1c704000-7f1f1c903000 ---p 0000b000 fd:01 38395                      /lib/x86_64-linux-gnu/libnss_files-2.23.so
7f1f1c903000-7f1f1c904000 r--p 0000a000 fd:01 38395                      /lib/x86_64-linux-gnu/libnss_files-2.23.so
7f1f1c904000-7f1f1c905000 rw-p 0000b000 fd:01 38395                      /lib/x86_64-linux-gnu/libnss_files-2.23.so
7f1f1c905000-7f1f1c90b000 rw-p 00000000 00:00 0 
7f1f1c90b000-7f1f1c916000 r-xp 00000000 fd:01 38388                      /lib/x86_64-linux-gnu/libnss_nis-2.23.so
7f1f1c916000-7f1f1cb15000 ---p 0000b000 fd:01 38388                      /lib/x86_64-linux-gnu/libnss_nis-2.23.so
7f1f1cb15000-7f1f1cb16000 r--p 0000a000 fd:01 38388                      /lib/x86_64-linux-gnu/libnss_nis-2.23.so
7f1f1cb16000-7f1f1cb17000 rw-p 0000b000 fd:01 38388                      /lib/x86_64-linux-gnu/libnss_nis-2.23.so
7f1f1cb17000-7f1f1cb2d000 r-xp 00000000 fd:01 38393                      /lib/x86_64-linux-gnu/libnsl-2.23.so
7f1f1cb2d000-7f1f1cd2c000 ---p 00016000 fd:01 38393                      /lib/x86_64-linux-gnu/libnsl-2.23.so
7f1f1cd2c000-7f1f1cd2d000 r--p 00015000 fd:01 38393                      /lib/x86_64-linux-gnu/libnsl-2.23.so
7f1f1cd2d000-7f1f1cd2e000 rw-p 00016000 fd:01 38393                      /lib/x86_64-linux-gnu/libnsl-2.23.so
7f1f1cd2e000-7f1f1cd30000 rw-p 00000000 00:00 0 
7f1f1cd30000-7f1f1cd38000 r-xp 00000000 fd:01 38399                      /lib/x86_64-linux-gnu/libnss_compat-2.23.so
7f1f1cd38000-7f1f1cf37000 ---p 00008000 fd:01 38399                      /lib/x86_64-linux-gnu/libnss_compat-2.23.so
7f1f1cf37000-7f1f1cf38000 r--p 00007000 fd:01 38399                      /lib/x86_64-linux-gnu/libnss_compat-2.23.so
7f1f1cf38000-7f1f1cf39000 rw-p 00008000 fd:01 38399                      /lib/x86_64-linux-gnu/libnss_compat-2.23.so
7f1f1cf39000-7f1f1cf65000 r-xp 00000000 fd:01 517693                     /usr/lib/jvm/java-8-openjdk-amd64/jre/lib/amd64/libjava.so
7f1f1cf65000-7f1f1d164000 ---p 0002c000 fd:01 517693                     /usr/lib/jvm/java-8-openjdk-amd64/jre/lib/amd64/libjava.so
7f1f1d164000-7f1f1d165000 r--p 0002b000 fd:01 517693                     /usr/lib/jvm/java-8-openjdk-amd64/jre/lib/amd64/libjava.so
7f1f1d165000-7f1f1d167000 rw-p 0002c000 fd:01 517693                     /usr/lib/jvm/java-8-openjdk-amd64/jre/lib/amd64/libjava.so
7f1f1d167000-7f1f1d176000 r-xp 00000000 fd:01 517682                     /usr/lib/jvm/java-8-openjdk-amd64/jre/lib/amd64/libverify.so
7f1f1d176000-7f1f1d375000 ---p 0000f000 fd:01 517682                     /usr/lib/jvm/java-8-openjdk-amd64/jre/lib/amd64/libverify.so
7f1f1d375000-7f1f1d377000 r--p 0000e000 fd:01 517682                     /usr/lib/jvm/java-8-openjdk-amd64/jre/lib/amd64/libverify.so
7f1f1d377000-7f1f1d378000 rw-p 00010000 fd:01 517682                     /usr/lib/jvm/java-8-openjdk-amd64/jre/lib/amd64/libverify.so
7f1f1d378000-7f1f1d37f000 r-xp 00000000 fd:01 38381                      /lib/x86_64-linux-gnu/librt-2.23.so
7f1f1d37f000-7f1f1d57e000 ---p 00007000 fd:01 38381                      /lib/x86_64-linux-gnu/librt-2.23.so
7f1f1d57e000-7f1f1d57f000 r--p 00006000 fd:01 38381                      /lib/x86_64-linux-gnu/librt-2.23.so
7f1f1d57f000-7f1f1d580000 rw-p 00007000 fd:01 38381                      /lib/x86_64-linux-gnu/librt-2.23.so
7f1f1d580000-7f1f1d596000 r-xp 00000000 fd:01 1321                       /lib/x86_64-linux-gnu/libgcc_s.so.1
7f1f1d596000-7f1f1d795000 ---p 00016000 fd:01 1321                       /lib/x86_64-linux-gnu/libgcc_s.so.1
7f1f1d795000-7f1f1d796000 rw-p 00015000 fd:01 1321                       /lib/x86_64-linux-gnu/libgcc_s.so.1
7f1f1d796000-7f1f1d89e000 r-xp 00000000 fd:01 38401                      /lib/x86_64-linux-gnu/libm-2.23.so
7f1f1d89e000-7f1f1da9d000 ---p 00108000 fd:01 38401                      /lib/x86_64-linux-gnu/libm-2.23.so
7f1f1da9d000-7f1f1da9e000 r--p 00107000 fd:01 38401                      /lib/x86_64-linux-gnu/libm-2.23.so
7f1f1da9e000-7f1f1da9f000 rw-p 00108000 fd:01 38401                      /lib/x86_64-linux-gnu/libm-2.23.so
7f1f1da9f000-7f1f1dc11000 r-xp 00000000 fd:01 7323                       /usr/lib/x86_64-linux-gnu/libstdc++.so.6.0.21
7f1f1dc11000-7f1f1de11000 ---p 00172000 fd:01 7323                       /usr/lib/x86_64-linux-gnu/libstdc++.so.6.0.21
7f1f1de11000-7f1f1de1b000 r--p 00172000 fd:01 7323                       /usr/lib/x86_64-linux-gnu/libstdc++.so.6.0.21
7f1f1de1b000-7f1f1de1d000 rw-p 0017c000 fd:01 7323                       /usr/lib/x86_64-linux-gnu/libstdc++.so.6.0.21
7f1f1de1d000-7f1f1de21000 rw-p 00000000 00:00 0 
7f1f1de21000-7f1f1ea85000 r-xp 00000000 fd:01 517691                     /usr/lib/jvm/java-8-openjdk-amd64/jre/lib/amd64/server/libjvm.so
7f1f1ea85000-7f1f1ec84000 ---p 00c64000 fd:01 517691                     /usr/lib/jvm/java-8-openjdk-amd64/jre/lib/amd64/server/libjvm.so
7f1f1ec84000-7f1f1ed18000 r--p 00c63000 fd:01 517691                     /usr/lib/jvm/java-8-openjdk-amd64/jre/lib/amd64/server/libjvm.so
7f1f1ed18000-7f1f1ed41000 rw-p 00cf7000 fd:01 517691                     /usr/lib/jvm/java-8-openjdk-amd64/jre/lib/amd64/server/libjvm.so
7f1f1ed41000-7f1f1ed71000 rw-p 00000000 00:00 0 
7f1f1ed71000-7f1f1ed89000 r-xp 00000000 fd:01 38385                      /lib/x86_64-linux-gnu/libpthread-2.23.so
7f1f1ed89000-7f1f1ef88000 ---p 00018000 fd:01 38385                      /lib/x86_64-linux-gnu/libpthread-2.23.so
7f1f1ef88000-7f1f1ef89000 r--p 00017000 fd:01 38385                      /lib/x86_64-linux-gnu/libpthread-2.23.so
7f1f1ef89000-7f1f1ef8a000 rw-p 00018000 fd:01 38385                      /lib/x86_64-linux-gnu/libpthread-2.23.so
7f1f1ef8a000-7f1f1ef8e000 rw-p 00000000 00:00 0 
7f1f1ef8e000-7f1f1ef91000 r-xp 00000000 fd:01 38383                      /lib/x86_64-linux-gnu/libdl-2.23.so
7f1f1ef91000-7f1f1f190000 ---p 00003000 fd:01 38383                      /lib/x86_64-linux-gnu/libdl-2.23.so
7f1f1f190000-7f1f1f191000 r--p 00002000 fd:01 38383                      /lib/x86_64-linux-gnu/libdl-2.23.so
7f1f1f191000-7f1f1f192000 rw-p 00003000 fd:01 38383                      /lib/x86_64-linux-gnu/libdl-2.23.so
7f1f1f192000-7f1f1f1ab000 r-xp 00000000 fd:01 1418                       /lib/x86_64-linux-gnu/libz.so.1.2.8
7f1f1f1ab000-7f1f1f3aa000 ---p 00019000 fd:01 1418                       /lib/x86_64-linux-gnu/libz.so.1.2.8
7f1f1f3aa000-7f1f1f3ab000 r--p 00018000 fd:01 1418                       /lib/x86_64-linux-gnu/libz.so.1.2.8
7f1f1f3ab000-7f1f1f3ac000 rw-p 00019000 fd:01 1418                       /lib/x86_64-linux-gnu/libz.so.1.2.8
7f1f1f3ac000-7f1f1f56c000 r-xp 00000000 fd:01 38398                      /lib/x86_64-linux-gnu/libc-2.23.so
7f1f1f56c000-7f1f1f76c000 ---p 001c0000 fd:01 38398                      /lib/x86_64-linux-gnu/libc-2.23.so
7f1f1f76c000-7f1f1f770000 r--p 001c0000 fd:01 38398                      /lib/x86_64-linux-gnu/libc-2.23.so
7f1f1f770000-7f1f1f772000 rw-p 001c4000 fd:01 38398                      /lib/x86_64-linux-gnu/libc-2.23.so
7f1f1f772000-7f1f1f776000 rw-p 00000000 00:00 0 
7f1f1f776000-7f1f1f783000 r-xp 00000000 fd:01 517710                     /usr/lib/jvm/java-8-openjdk-amd64/jre/lib/amd64/jli/libjli.so
7f1f1f783000-7f1f1f982000 ---p 0000d000 fd:01 517710                     /usr/lib/jvm/java-8-openjdk-amd64/jre/lib/amd64/jli/libjli.so
7f1f1f982000-7f1f1f983000 r--p 0000c000 fd:01 517710                     /usr/lib/jvm/java-8-openjdk-amd64/jre/lib/amd64/jli/libjli.so
7f1f1f983000-7f1f1f984000 rw-p 0000d000 fd:01 517710                     /usr/lib/jvm/java-8-openjdk-amd64/jre/lib/amd64/jli/libjli.so
7f1f1f984000-7f1f1f9aa000 r-xp 00000000 fd:01 38384                      /lib/x86_64-linux-gnu/ld-2.23.so
7f1f1fa99000-7f1f1fa9c000 ---p 00000000 00:00 0 
7f1f1fa9c000-7f1f1fb9e000 rw-p 00000000 00:00 0 
7f1f1fb9e000-7f1f1fba6000 rw-s 00000000 fd:01 1041890                    /tmp/hsperfdata_smtpserver/18302
7f1f1fba6000-7f1f1fba7000 rw-p 00000000 00:00 0 
7f1f1fba7000-7f1f1fba8000 r--p 00000000 00:00 0 
7f1f1fba8000-7f1f1fba9000 rw-p 00000000 00:00 0 
7f1f1fba9000-7f1f1fbaa000 r--p 00025000 fd:01 38384                      /lib/x86_64-linux-gnu/ld-2.23.so
7f1f1fbaa000-7f1f1fbab000 rw-p 00026000 fd:01 38384                      /lib/x86_64-linux-gnu/ld-2.23.so
7f1f1fbab000-7f1f1fbac000 rw-p 00000000 00:00 0 
7fffd967d000-7fffd969e000 rw-p 00000000 00:00 0                          [stack]
7fffd97a2000-7fffd97a5000 r--p 00000000 00:00 0                          [vvar]
7fffd97a5000-7fffd97a7000 r-xp 00000000 00:00 0                          [vdso]
ffffffffff600000-ffffffffff601000 r-xp 00000000 00:00 0                  [vsyscall]

VM Arguments:
jvm_args: -Xms512M -Xmx10240M -XX:MaxPermSize=128M 
java_command: spigot-1.14.3.jar
java_class_path (initial): spigot-1.14.3.jar
Launcher Type: SUN_STANDARD

Environment Variables:
PATH=/home/smtpserver/bin:/home/smtpserver/.local/bin:/usr/local/sbin:/usr/local/bin:/usr/sbin:/usr/bin:/sbin:/bin:/usr/games:/usr/local/games:/snap/bin
SHELL=/bin/bash

Signal Handlers:
SIGSEGV: [libjvm.so+0xa765a0], sa_mask[0]=11111111011111111101111111111110, sa_flags=SA_RESTART|SA_SIGINFO
SIGBUS: [libjvm.so+0xa765a0], sa_mask[0]=11111111011111111101111111111110, sa_flags=SA_RESTART|SA_SIGINFO
SIGFPE: [libjvm.so+0x8bd800], sa_mask[0]=11111111011111111101111111111110, sa_flags=SA_RESTART|SA_SIGINFO
SIGPIPE: [libjvm.so+0x8bd800], sa_mask[0]=11111111011111111101111111111110, sa_flags=SA_RESTART|SA_SIGINFO
SIGXFSZ: [libjvm.so+0x8bd800], sa_mask[0]=11111111011111111101111111111110, sa_flags=SA_RESTART|SA_SIGINFO
SIGILL: [libjvm.so+0x8bd800], sa_mask[0]=11111111011111111101111111111110, sa_flags=SA_RESTART|SA_SIGINFO
SIGUSR1: SIG_DFL, sa_mask[0]=00000000000000000000000000000000, sa_flags=none
SIGUSR2: [libjvm.so+0x8bd6b0], sa_mask[0]=00000000000000000000000000000000, sa_flags=SA_RESTART|SA_SIGINFO
SIGHUP: SIG_DFL, sa_mask[0]=00000000000000000000000000000000, sa_flags=none
SIGINT: SIG_DFL, sa_mask[0]=00000000000000000000000000000000, sa_flags=none
SIGTERM: SIG_DFL, sa_mask[0]=00000000000000000000000000000000, sa_flags=none
SIGQUIT: SIG_DFL, sa_mask[0]=00000000000000000000000000000000, sa_flags=none


---------------  S Y S T E M  ---------------

OS:DISTRIB_ID=Ubuntu
DISTRIB_RELEASE=16.04
DISTRIB_CODENAME=xenial
DISTRIB_DESCRIPTION="Ubuntu 16.04.6 LTS"

uname:Linux 4.4.0-150-generic #176-Ubuntu SMP Wed May 29 18:56:26 UTC 2019 x86_64
libc:glibc 2.23 NPTL 2.23 
rlimit: STACK 8192k, CORE 0k, NPROC 7831, NOFILE 1048576, AS infinity
load average:1.19 1.07 0.92

/proc/meminfo:
MemTotal:        2048012 kB
MemFree:           66356 kB
MemAvailable:       9676 kB
Buffers:            2452 kB
Cached:            21420 kB
SwapCached:        15028 kB
Active:          1406304 kB
Inactive:         497020 kB
Active(anon):    1400012 kB
Inactive(anon):   482460 kB
Active(file):       6292 kB
Inactive(file):    14560 kB
Unevictable:        3652 kB
Mlocked:            3652 kB
SwapTotal:       3145724 kB
SwapFree:         183520 kB
Dirty:               192 kB
Writeback:             0 kB
AnonPages:       1868248 kB
Mapped:            16284 kB
Shmem:               584 kB
Slab:              34120 kB
SReclaimable:      16468 kB
SUnreclaim:        17652 kB
KernelStack:        3104 kB
PageTables:        17952 kB
NFS_Unstable:          0 kB
Bounce:                0 kB
WritebackTmp:          0 kB
CommitLimit:     4169728 kB
Committed_AS:    5310504 kB
VmallocTotal:   34359738367 kB
VmallocUsed:           0 kB
VmallocChunk:          0 kB
HardwareCorrupted:     0 kB
AnonHugePages:         0 kB
CmaTotal:              0 kB
CmaFree:               0 kB
HugePages_Total:       0
HugePages_Free:        0
HugePages_Rsvd:        0
HugePages_Surp:        0
Hugepagesize:       2048 kB
DirectMap4k:       44912 kB
DirectMap2M:     2052096 kB

container (cgroup) information:
container_type: cgroupv1
cpu_cpuset_cpus: 0
cpu_memory_nodes: 0
active_processor_count: 1
cpu_quota: -1
cpu_period: 100000
cpu_shares: -1
memory_limit_in_bytes: -1
memory_and_swap_limit_in_bytes: -2
memory_soft_limit_in_bytes: -1
memory_usage_in_bytes: 1926246400
memory_max_usage_in_bytes: 1957474304


CPU:total 1 (initial active 1) (1 cores per cpu, 1 threads per core) family 6 model 60 stepping 1, cmov, cx8, fxsr, mmx, sse, sse2, sse3, ssse3, sse4.1, sse4.2, popcnt, avx, avx2, aes, clmul, erms, lzcnt, tsc, bmi1, bmi2

/proc/cpuinfo:
processor	: 0
vendor_id	: GenuineIntel
cpu family	: 6
model		: 60
model name	: Virtual CPU 714389bda930
stepping	: 1
microcode	: 0x1
cpu MHz		: 2593.906
cache size	: 16384 KB
physical id	: 0
siblings	: 1
core id		: 0
cpu cores	: 1
apicid		: 0
initial apicid	: 0
fpu		: yes
fpu_exception	: yes
cpuid level	: 13
wp		: yes
flags		: fpu vme de pse tsc msr pae mce cx8 apic sep mtrr pge mca cmov pat pse36 clflush mmx fxsr sse sse2 syscall nx rdtscp lm constant_tsc rep_good nopl xtopology tsc_known_freq pni pclmulqdq ssse3 fma cx16 pcid sse4_1 sse4_2 x2apic movbe popcnt tsc_deadline_timer aes xsave avx f16c rdrand hypervisor lahf_lm abm invpcid_single kaiser fsgsbase bmi1 avx2 smep bmi2 erms invpcid xsaveopt arat
bugs		: cpu_meltdown spectre_v1 spectre_v2 spec_store_bypass l1tf mds
bogomips	: 5187.81
clflush size	: 64
cache_alignment	: 64
address sizes	: 40 bits physical, 48 bits virtual
power management:



Memory: 4k page, physical 2048012k(66356k free), swap 3145724k(183532k free)

vm_info: OpenJDK 64-Bit Server VM (25.212-b03) for linux-amd64 JRE (1.8.0_212-8u212-b03-0ubuntu1.16.04.1-b03), built on Apr 26 2019 02:02:50 by "buildd" with gcc 5.4.0 20160609

time: Sun Jul 14 11:23:37 2019
timezone: UTC
elapsed time: 0 seconds (0d 0h 0m 0s)

